Arguments: 
  /usr/local/Cellar/node/9.9.0/bin/node /usr/local/Cellar/yarn/1.5.1_1/libexec/bin/yarn.js run osmtogeojson -- /Volumes/ssd_tram/ws/osrm-backend/build/rail/rail_network_montreal_with_proposed_7.osm /Volumes/ssd_tram/ws/osrm-backend/build/rail/rail_network_montreal_with_proposed_7.geojson

PATH: 
  /Users/admin/google-cloud-sdk/bin:/Users/admin/.rvm/gems/ruby-2.4.1/bin:/Users/admin/.rvm/gems/ruby-2.4.1@global/bin:/Users/admin/.rvm/rubies/ruby-2.4.1/bin:/usr/local/sbin:/usr/local/bin:‌​/usr/local/bin:/usr/bin:/bin:/usr/sbin:/sbin:/opt/X11/bin:/Applications/Postgres.app/Contents/Versions/latest/bin:/Users/admin/.rvm/bin

Yarn version: 
  1.5.1

Node version: 
  9.9.0

Platform: 
  darwin x64

npm manifest: 
  No manifest

yarn manifest: 
  No manifest

Lockfile: 
  No lockfile

Trace: 
  Error: Couldn't find a package.json file in "/Volumes/ssd_tram/ws/trRouting"
      at new MessageError (/usr/local/Cellar/yarn/1.5.1_1/libexec/lib/cli.js:186:110)
      at /usr/local/Cellar/yarn/1.5.1_1/libexec/lib/cli.js:40048:15
      at Generator.next (<anonymous>)
      at step (/usr/local/Cellar/yarn/1.5.1_1/libexec/lib/cli.js:98:30)
      at /usr/local/Cellar/yarn/1.5.1_1/libexec/lib/cli.js:109:13
      at <anonymous>
